[0.458s] Invoking command in '/home/mtahr/sensor_System/src/sensor_fusion_system': PYTHONPATH=/home/mtahr/sensor_System/build/sensor_fusion_system/prefix_override:/usr/lib/python3/dist-packages/colcon_core/task/python/colcon_distutils_commands:/home/mtahr/sensor_System/install/sensor_fusion_system/lib/python3.12/site-packages:${PYTHONPATH} /usr/bin/python3 -W ignore:setup.py install is deprecated -W ignore:easy_install command is deprecated setup.py egg_info --egg-base ../../build/sensor_fusion_system build --build-base /home/mtahr/sensor_System/build/sensor_fusion_system/build install --record /home/mtahr/sensor_System/build/sensor_fusion_system/install.log --single-version-externally-managed install_data
[0.599s] running egg_info
[0.609s] writing ../../build/sensor_fusion_system/sensor_fusion_system.egg-info/PKG-INFO
[0.609s] writing dependency_links to ../../build/sensor_fusion_system/sensor_fusion_system.egg-info/dependency_links.txt
[0.610s] writing entry points to ../../build/sensor_fusion_system/sensor_fusion_system.egg-info/entry_points.txt
[0.610s] writing requirements to ../../build/sensor_fusion_system/sensor_fusion_system.egg-info/requires.txt
[0.610s] writing top-level names to ../../build/sensor_fusion_system/sensor_fusion_system.egg-info/top_level.txt
[0.632s] reading manifest file '../../build/sensor_fusion_system/sensor_fusion_system.egg-info/SOURCES.txt'
[0.633s] writing manifest file '../../build/sensor_fusion_system/sensor_fusion_system.egg-info/SOURCES.txt'
[0.633s] running build
[0.633s] running build_py
[0.634s] copying sensor_fusion_system/visualization.py -> /home/mtahr/sensor_System/build/sensor_fusion_system/build/lib/sensor_fusion_system
[0.634s] running install
[0.638s] running install_lib
[0.648s] copying /home/mtahr/sensor_System/build/sensor_fusion_system/build/lib/sensor_fusion_system/visualization.py -> /home/mtahr/sensor_System/install/sensor_fusion_system/lib/python3.12/site-packages/sensor_fusion_system
[0.649s] byte-compiling /home/mtahr/sensor_System/install/sensor_fusion_system/lib/python3.12/site-packages/sensor_fusion_system/visualization.py to visualization.cpython-312.pyc
[0.650s] running install_data
[0.650s] running install_egg_info
[0.661s] removing '/home/mtahr/sensor_System/install/sensor_fusion_system/lib/python3.12/site-packages/sensor_fusion_system-0.1.0-py3.12.egg-info' (and everything under it)
[0.661s] Copying ../../build/sensor_fusion_system/sensor_fusion_system.egg-info to /home/mtahr/sensor_System/install/sensor_fusion_system/lib/python3.12/site-packages/sensor_fusion_system-0.1.0-py3.12.egg-info
[0.662s] running install_scripts
[0.734s] Installing alert_system script to /home/mtahr/sensor_System/install/sensor_fusion_system/lib/sensor_fusion_system
[0.735s] Installing data_logger script to /home/mtahr/sensor_System/install/sensor_fusion_system/lib/sensor_fusion_system
[0.735s] Installing sensor_fusion script to /home/mtahr/sensor_System/install/sensor_fusion_system/lib/sensor_fusion_system
[0.735s] Installing sensor_publisher script to /home/mtahr/sensor_System/install/sensor_fusion_system/lib/sensor_fusion_system
[0.735s] Installing visualizer script to /home/mtahr/sensor_System/install/sensor_fusion_system/lib/sensor_fusion_system
[0.735s] writing list of installed files to '/home/mtahr/sensor_System/build/sensor_fusion_system/install.log'
[0.752s] Invoked command in '/home/mtahr/sensor_System/src/sensor_fusion_system' returned '0': PYTHONPATH=/home/mtahr/sensor_System/build/sensor_fusion_system/prefix_override:/usr/lib/python3/dist-packages/colcon_core/task/python/colcon_distutils_commands:/home/mtahr/sensor_System/install/sensor_fusion_system/lib/python3.12/site-packages:${PYTHONPATH} /usr/bin/python3 -W ignore:setup.py install is deprecated -W ignore:easy_install command is deprecated setup.py egg_info --egg-base ../../build/sensor_fusion_system build --build-base /home/mtahr/sensor_System/build/sensor_fusion_system/build install --record /home/mtahr/sensor_System/build/sensor_fusion_system/install.log --single-version-externally-managed install_data
