[0.782s] Invoking command in '/home/mtahr/sensor_System/src/sensor_fusion_system': PYTHONPATH=/home/mtahr/sensor_System/build/sensor_fusion_system/prefix_override:/usr/lib/python3/dist-packages/colcon_core/task/python/colcon_distutils_commands:/home/mtahr/sensor_System/install/sensor_fusion_system/lib/python3.12/site-packages:${PYTHONPATH} /usr/bin/python3 -W ignore:setup.py install is deprecated -W ignore:easy_install command is deprecated setup.py egg_info --egg-base ../../build/sensor_fusion_system build --build-base /home/mtahr/sensor_System/build/sensor_fusion_system/build install --record /home/mtahr/sensor_System/build/sensor_fusion_system/install.log --single-version-externally-managed install_data
[0.956s] running egg_info
[0.967s] writing ../../build/sensor_fusion_system/sensor_fusion_system.egg-info/PKG-INFO
[0.967s] writing dependency_links to ../../build/sensor_fusion_system/sensor_fusion_system.egg-info/dependency_links.txt
[0.967s] writing entry points to ../../build/sensor_fusion_system/sensor_fusion_system.egg-info/entry_points.txt
[0.969s] writing requirements to ../../build/sensor_fusion_system/sensor_fusion_system.egg-info/requires.txt
[0.969s] writing top-level names to ../../build/sensor_fusion_system/sensor_fusion_system.egg-info/top_level.txt
[0.992s] reading manifest file '../../build/sensor_fusion_system/sensor_fusion_system.egg-info/SOURCES.txt'
[0.993s] writing manifest file '../../build/sensor_fusion_system/sensor_fusion_system.egg-info/SOURCES.txt'
[0.993s] running build
[0.993s] running build_py
[0.993s] running install
[0.998s] running install_lib
[1.010s] running install_data
[1.010s] running install_egg_info
[1.022s] removing '/home/mtahr/sensor_System/install/sensor_fusion_system/lib/python3.12/site-packages/sensor_fusion_system-0.1.0-py3.12.egg-info' (and everything under it)
[1.023s] Copying ../../build/sensor_fusion_system/sensor_fusion_system.egg-info to /home/mtahr/sensor_System/install/sensor_fusion_system/lib/python3.12/site-packages/sensor_fusion_system-0.1.0-py3.12.egg-info
[1.024s] running install_scripts
[1.100s] Installing alert_system script to /home/mtahr/sensor_System/install/sensor_fusion_system/lib/sensor_fusion_system
[1.101s] Installing data_logger script to /home/mtahr/sensor_System/install/sensor_fusion_system/lib/sensor_fusion_system
[1.101s] Installing sensor_fusion script to /home/mtahr/sensor_System/install/sensor_fusion_system/lib/sensor_fusion_system
[1.101s] Installing sensor_publisher script to /home/mtahr/sensor_System/install/sensor_fusion_system/lib/sensor_fusion_system
[1.101s] Installing visualizer script to /home/mtahr/sensor_System/install/sensor_fusion_system/lib/sensor_fusion_system
[1.102s] writing list of installed files to '/home/mtahr/sensor_System/build/sensor_fusion_system/install.log'
[1.123s] Invoked command in '/home/mtahr/sensor_System/src/sensor_fusion_system' returned '0': PYTHONPATH=/home/mtahr/sensor_System/build/sensor_fusion_system/prefix_override:/usr/lib/python3/dist-packages/colcon_core/task/python/colcon_distutils_commands:/home/mtahr/sensor_System/install/sensor_fusion_system/lib/python3.12/site-packages:${PYTHONPATH} /usr/bin/python3 -W ignore:setup.py install is deprecated -W ignore:easy_install command is deprecated setup.py egg_info --egg-base ../../build/sensor_fusion_system build --build-base /home/mtahr/sensor_System/build/sensor_fusion_system/build install --record /home/mtahr/sensor_System/build/sensor_fusion_system/install.log --single-version-externally-managed install_data
