[0.618s] Invoking command in '/home/mtahr/sensor_System/src/sensor_fusion_system': PYTHONPATH=/home/mtahr/sensor_System/build/sensor_fusion_system/prefix_override:/usr/lib/python3/dist-packages/colcon_core/task/python/colcon_distutils_commands:/home/mtahr/sensor_System/install/sensor_fusion_system/lib/python3.12/site-packages:${PYTHONPATH} /usr/bin/python3 -W ignore:setup.py install is deprecated -W ignore:easy_install command is deprecated setup.py egg_info --egg-base ../../build/sensor_fusion_system build --build-base /home/mtahr/sensor_System/build/sensor_fusion_system/build install --record /home/mtahr/sensor_System/build/sensor_fusion_system/install.log --single-version-externally-managed install_data
[0.754s] running egg_info
[0.754s] creating ../../build/sensor_fusion_system/sensor_fusion_system.egg-info
[0.762s] writing ../../build/sensor_fusion_system/sensor_fusion_system.egg-info/PKG-INFO
[0.762s] writing dependency_links to ../../build/sensor_fusion_system/sensor_fusion_system.egg-info/dependency_links.txt
[0.763s] writing requirements to ../../build/sensor_fusion_system/sensor_fusion_system.egg-info/requires.txt
[0.763s] writing top-level names to ../../build/sensor_fusion_system/sensor_fusion_system.egg-info/top_level.txt
[0.763s] writing manifest file '../../build/sensor_fusion_system/sensor_fusion_system.egg-info/SOURCES.txt'
[0.781s] reading manifest file '../../build/sensor_fusion_system/sensor_fusion_system.egg-info/SOURCES.txt'
[0.781s] writing manifest file '../../build/sensor_fusion_system/sensor_fusion_system.egg-info/SOURCES.txt'
[0.782s] running build
[0.782s] running build_py
[0.782s] creating /home/mtahr/sensor_System/build/sensor_fusion_system/build
[0.782s] creating /home/mtahr/sensor_System/build/sensor_fusion_system/build/lib
[0.782s] creating /home/mtahr/sensor_System/build/sensor_fusion_system/build/lib/sensor_fusion_system
[0.782s] copying sensor_fusion_system/__init__.py -> /home/mtahr/sensor_System/build/sensor_fusion_system/build/lib/sensor_fusion_system
[0.782s] running install
[0.786s] running install_lib
[0.800s] creating /home/mtahr/sensor_System/install/sensor_fusion_system/lib/python3.12/site-packages/sensor_fusion_system
[0.800s] copying /home/mtahr/sensor_System/build/sensor_fusion_system/build/lib/sensor_fusion_system/__init__.py -> /home/mtahr/sensor_System/install/sensor_fusion_system/lib/python3.12/site-packages/sensor_fusion_system
[0.800s] byte-compiling /home/mtahr/sensor_System/install/sensor_fusion_system/lib/python3.12/site-packages/sensor_fusion_system/__init__.py to __init__.cpython-312.pyc
[0.800s] running install_data
[0.800s] creating /home/mtahr/sensor_System/install/sensor_fusion_system/share/ament_index
[0.800s] creating /home/mtahr/sensor_System/install/sensor_fusion_system/share/ament_index/resource_index
[0.800s] creating /home/mtahr/sensor_System/install/sensor_fusion_system/share/ament_index/resource_index/packages
[0.800s] copying resource/sensor_fusion_system -> /home/mtahr/sensor_System/install/sensor_fusion_system/share/ament_index/resource_index/packages
[0.800s] copying package.xml -> /home/mtahr/sensor_System/install/sensor_fusion_system/share/sensor_fusion_system
[0.800s] running install_egg_info
[0.805s] Copying ../../build/sensor_fusion_system/sensor_fusion_system.egg-info to /home/mtahr/sensor_System/install/sensor_fusion_system/lib/python3.12/site-packages/sensor_fusion_system-0.0.0-py3.12.egg-info
[0.805s] running install_scripts
[0.870s] writing list of installed files to '/home/mtahr/sensor_System/build/sensor_fusion_system/install.log'
[0.885s] Invoked command in '/home/mtahr/sensor_System/src/sensor_fusion_system' returned '0': PYTHONPATH=/home/mtahr/sensor_System/build/sensor_fusion_system/prefix_override:/usr/lib/python3/dist-packages/colcon_core/task/python/colcon_distutils_commands:/home/mtahr/sensor_System/install/sensor_fusion_system/lib/python3.12/site-packages:${PYTHONPATH} /usr/bin/python3 -W ignore:setup.py install is deprecated -W ignore:easy_install command is deprecated setup.py egg_info --egg-base ../../build/sensor_fusion_system build --build-base /home/mtahr/sensor_System/build/sensor_fusion_system/build install --record /home/mtahr/sensor_System/build/sensor_fusion_system/install.log --single-version-externally-managed install_data
