running egg_info
creating ../../build/sensor_fusion_system/sensor_fusion_system.egg-info
writing ../../build/sensor_fusion_system/sensor_fusion_system.egg-info/PKG-INFO
writing dependency_links to ../../build/sensor_fusion_system/sensor_fusion_system.egg-info/dependency_links.txt
writing entry points to ../../build/sensor_fusion_system/sensor_fusion_system.egg-info/entry_points.txt
writing requirements to ../../build/sensor_fusion_system/sensor_fusion_system.egg-info/requires.txt
writing top-level names to ../../build/sensor_fusion_system/sensor_fusion_system.egg-info/top_level.txt
writing manifest file '../../build/sensor_fusion_system/sensor_fusion_system.egg-info/SOURCES.txt'
reading manifest file '../../build/sensor_fusion_system/sensor_fusion_system.egg-info/SOURCES.txt'
writing manifest file '../../build/sensor_fusion_system/sensor_fusion_system.egg-info/SOURCES.txt'
running build
running build_py
creating /home/mtahr/sensor_System/build/sensor_fusion_system/build
creating /home/mtahr/sensor_System/build/sensor_fusion_system/build/lib
creating /home/mtahr/sensor_System/build/sensor_fusion_system/build/lib/sensor_fusion_system
copying sensor_fusion_system/__init__.py -> /home/mtahr/sensor_System/build/sensor_fusion_system/build/lib/sensor_fusion_system
copying sensor_fusion_system/visualization.py -> /home/mtahr/sensor_System/build/sensor_fusion_system/build/lib/sensor_fusion_system
copying sensor_fusion_system/sensor_fusion.py -> /home/mtahr/sensor_System/build/sensor_fusion_system/build/lib/sensor_fusion_system
copying sensor_fusion_system/alert_system.py -> /home/mtahr/sensor_System/build/sensor_fusion_system/build/lib/sensor_fusion_system
copying sensor_fusion_system/data_logger.py -> /home/mtahr/sensor_System/build/sensor_fusion_system/build/lib/sensor_fusion_system
copying sensor_fusion_system/sensor_publisher.py -> /home/mtahr/sensor_System/build/sensor_fusion_system/build/lib/sensor_fusion_system
running install
running install_lib
creating /home/mtahr/sensor_System/install/sensor_fusion_system/lib/python3.12/site-packages/sensor_fusion_system
copying /home/mtahr/sensor_System/build/sensor_fusion_system/build/lib/sensor_fusion_system/__init__.py -> /home/mtahr/sensor_System/install/sensor_fusion_system/lib/python3.12/site-packages/sensor_fusion_system
copying /home/mtahr/sensor_System/build/sensor_fusion_system/build/lib/sensor_fusion_system/visualization.py -> /home/mtahr/sensor_System/install/sensor_fusion_system/lib/python3.12/site-packages/sensor_fusion_system
copying /home/mtahr/sensor_System/build/sensor_fusion_system/build/lib/sensor_fusion_system/sensor_fusion.py -> /home/mtahr/sensor_System/install/sensor_fusion_system/lib/python3.12/site-packages/sensor_fusion_system
copying /home/mtahr/sensor_System/build/sensor_fusion_system/build/lib/sensor_fusion_system/alert_system.py -> /home/mtahr/sensor_System/install/sensor_fusion_system/lib/python3.12/site-packages/sensor_fusion_system
copying /home/mtahr/sensor_System/build/sensor_fusion_system/build/lib/sensor_fusion_system/data_logger.py -> /home/mtahr/sensor_System/install/sensor_fusion_system/lib/python3.12/site-packages/sensor_fusion_system
copying /home/mtahr/sensor_System/build/sensor_fusion_system/build/lib/sensor_fusion_system/sensor_publisher.py -> /home/mtahr/sensor_System/install/sensor_fusion_system/lib/python3.12/site-packages/sensor_fusion_system
byte-compiling /home/mtahr/sensor_System/install/sensor_fusion_system/lib/python3.12/site-packages/sensor_fusion_system/__init__.py to __init__.cpython-312.pyc
byte-compiling /home/mtahr/sensor_System/install/sensor_fusion_system/lib/python3.12/site-packages/sensor_fusion_system/visualization.py to visualization.cpython-312.pyc
byte-compiling /home/mtahr/sensor_System/install/sensor_fusion_system/lib/python3.12/site-packages/sensor_fusion_system/sensor_fusion.py to sensor_fusion.cpython-312.pyc
byte-compiling /home/mtahr/sensor_System/install/sensor_fusion_system/lib/python3.12/site-packages/sensor_fusion_system/alert_system.py to alert_system.cpython-312.pyc
byte-compiling /home/mtahr/sensor_System/install/sensor_fusion_system/lib/python3.12/site-packages/sensor_fusion_system/data_logger.py to data_logger.cpython-312.pyc
byte-compiling /home/mtahr/sensor_System/install/sensor_fusion_system/lib/python3.12/site-packages/sensor_fusion_system/sensor_publisher.py to sensor_publisher.cpython-312.pyc
running install_data
creating /home/mtahr/sensor_System/install/sensor_fusion_system/share/ament_index
creating /home/mtahr/sensor_System/install/sensor_fusion_system/share/ament_index/resource_index
creating /home/mtahr/sensor_System/install/sensor_fusion_system/share/ament_index/resource_index/packages
copying resource/sensor_fusion_system -> /home/mtahr/sensor_System/install/sensor_fusion_system/share/ament_index/resource_index/packages
copying package.xml -> /home/mtahr/sensor_System/install/sensor_fusion_system/share/sensor_fusion_system
creating /home/mtahr/sensor_System/install/sensor_fusion_system/share/sensor_fusion_system/launch
copying launch/sensor_fusion.launch.py -> /home/mtahr/sensor_System/install/sensor_fusion_system/share/sensor_fusion_system/launch
creating /home/mtahr/sensor_System/install/sensor_fusion_system/share/sensor_fusion_system/config
copying config/sensor_params.yaml -> /home/mtahr/sensor_System/install/sensor_fusion_system/share/sensor_fusion_system/config
running install_egg_info
Copying ../../build/sensor_fusion_system/sensor_fusion_system.egg-info to /home/mtahr/sensor_System/install/sensor_fusion_system/lib/python3.12/site-packages/sensor_fusion_system-0.1.0-py3.12.egg-info
running install_scripts
Installing alert_system script to /home/mtahr/sensor_System/install/sensor_fusion_system/lib/sensor_fusion_system
Installing data_logger script to /home/mtahr/sensor_System/install/sensor_fusion_system/lib/sensor_fusion_system
Installing sensor_fusion script to /home/mtahr/sensor_System/install/sensor_fusion_system/lib/sensor_fusion_system
Installing sensor_publisher script to /home/mtahr/sensor_System/install/sensor_fusion_system/lib/sensor_fusion_system
Installing visualizer script to /home/mtahr/sensor_System/install/sensor_fusion_system/lib/sensor_fusion_system
writing list of installed files to '/home/mtahr/sensor_System/build/sensor_fusion_system/install.log'
