[0.751s] Invoking command in '/home/mtahr/sensor_System/src/sensor_fusion_system': PYTHONPATH=/home/mtahr/sensor_System/build/sensor_fusion_system/prefix_override:/usr/lib/python3/dist-packages/colcon_core/task/python/colcon_distutils_commands:/home/mtahr/sensor_System/install/sensor_fusion_system/lib/python3.12/site-packages:${PYTHONPATH} /usr/bin/python3 -W ignore:setup.py install is deprecated -W ignore:easy_install command is deprecated setup.py egg_info --egg-base ../../build/sensor_fusion_system build --build-base /home/mtahr/sensor_System/build/sensor_fusion_system/build install --record /home/mtahr/sensor_System/build/sensor_fusion_system/install.log --single-version-externally-managed install_data
[0.913s] running egg_info
[0.914s] creating ../../build/sensor_fusion_system/sensor_fusion_system.egg-info
[0.924s] writing ../../build/sensor_fusion_system/sensor_fusion_system.egg-info/PKG-INFO
[0.924s] writing dependency_links to ../../build/sensor_fusion_system/sensor_fusion_system.egg-info/dependency_links.txt
[0.924s] writing entry points to ../../build/sensor_fusion_system/sensor_fusion_system.egg-info/entry_points.txt
[0.924s] writing requirements to ../../build/sensor_fusion_system/sensor_fusion_system.egg-info/requires.txt
[0.924s] writing top-level names to ../../build/sensor_fusion_system/sensor_fusion_system.egg-info/top_level.txt
[0.925s] writing manifest file '../../build/sensor_fusion_system/sensor_fusion_system.egg-info/SOURCES.txt'
[0.945s] reading manifest file '../../build/sensor_fusion_system/sensor_fusion_system.egg-info/SOURCES.txt'
[0.946s] writing manifest file '../../build/sensor_fusion_system/sensor_fusion_system.egg-info/SOURCES.txt'
[0.946s] running build
[0.946s] running build_py
[0.947s] creating /home/mtahr/sensor_System/build/sensor_fusion_system/build
[0.947s] creating /home/mtahr/sensor_System/build/sensor_fusion_system/build/lib
[0.947s] creating /home/mtahr/sensor_System/build/sensor_fusion_system/build/lib/sensor_fusion_system
[0.947s] copying sensor_fusion_system/__init__.py -> /home/mtahr/sensor_System/build/sensor_fusion_system/build/lib/sensor_fusion_system
[0.948s] copying sensor_fusion_system/visualization.py -> /home/mtahr/sensor_System/build/sensor_fusion_system/build/lib/sensor_fusion_system
[0.948s] copying sensor_fusion_system/sensor_fusion.py -> /home/mtahr/sensor_System/build/sensor_fusion_system/build/lib/sensor_fusion_system
[0.948s] copying sensor_fusion_system/alert_system.py -> /home/mtahr/sensor_System/build/sensor_fusion_system/build/lib/sensor_fusion_system
[0.949s] copying sensor_fusion_system/data_logger.py -> /home/mtahr/sensor_System/build/sensor_fusion_system/build/lib/sensor_fusion_system
[0.949s] copying sensor_fusion_system/sensor_publisher.py -> /home/mtahr/sensor_System/build/sensor_fusion_system/build/lib/sensor_fusion_system
[0.950s] running install
[0.954s] running install_lib
[0.964s] creating /home/mtahr/sensor_System/install/sensor_fusion_system/lib/python3.12/site-packages/sensor_fusion_system
[0.964s] copying /home/mtahr/sensor_System/build/sensor_fusion_system/build/lib/sensor_fusion_system/__init__.py -> /home/mtahr/sensor_System/install/sensor_fusion_system/lib/python3.12/site-packages/sensor_fusion_system
[0.964s] copying /home/mtahr/sensor_System/build/sensor_fusion_system/build/lib/sensor_fusion_system/visualization.py -> /home/mtahr/sensor_System/install/sensor_fusion_system/lib/python3.12/site-packages/sensor_fusion_system
[0.964s] copying /home/mtahr/sensor_System/build/sensor_fusion_system/build/lib/sensor_fusion_system/sensor_fusion.py -> /home/mtahr/sensor_System/install/sensor_fusion_system/lib/python3.12/site-packages/sensor_fusion_system
[0.964s] copying /home/mtahr/sensor_System/build/sensor_fusion_system/build/lib/sensor_fusion_system/alert_system.py -> /home/mtahr/sensor_System/install/sensor_fusion_system/lib/python3.12/site-packages/sensor_fusion_system
[0.964s] copying /home/mtahr/sensor_System/build/sensor_fusion_system/build/lib/sensor_fusion_system/data_logger.py -> /home/mtahr/sensor_System/install/sensor_fusion_system/lib/python3.12/site-packages/sensor_fusion_system
[0.964s] copying /home/mtahr/sensor_System/build/sensor_fusion_system/build/lib/sensor_fusion_system/sensor_publisher.py -> /home/mtahr/sensor_System/install/sensor_fusion_system/lib/python3.12/site-packages/sensor_fusion_system
[0.965s] byte-compiling /home/mtahr/sensor_System/install/sensor_fusion_system/lib/python3.12/site-packages/sensor_fusion_system/__init__.py to __init__.cpython-312.pyc
[0.965s] byte-compiling /home/mtahr/sensor_System/install/sensor_fusion_system/lib/python3.12/site-packages/sensor_fusion_system/visualization.py to visualization.cpython-312.pyc
[0.966s] byte-compiling /home/mtahr/sensor_System/install/sensor_fusion_system/lib/python3.12/site-packages/sensor_fusion_system/sensor_fusion.py to sensor_fusion.cpython-312.pyc
[0.967s] byte-compiling /home/mtahr/sensor_System/install/sensor_fusion_system/lib/python3.12/site-packages/sensor_fusion_system/alert_system.py to alert_system.cpython-312.pyc
[0.968s] byte-compiling /home/mtahr/sensor_System/install/sensor_fusion_system/lib/python3.12/site-packages/sensor_fusion_system/data_logger.py to data_logger.cpython-312.pyc
[0.970s] byte-compiling /home/mtahr/sensor_System/install/sensor_fusion_system/lib/python3.12/site-packages/sensor_fusion_system/sensor_publisher.py to sensor_publisher.cpython-312.pyc
[0.972s] running install_data
[0.972s] creating /home/mtahr/sensor_System/install/sensor_fusion_system/share/ament_index
[0.972s] creating /home/mtahr/sensor_System/install/sensor_fusion_system/share/ament_index/resource_index
[0.972s] creating /home/mtahr/sensor_System/install/sensor_fusion_system/share/ament_index/resource_index/packages
[0.973s] copying resource/sensor_fusion_system -> /home/mtahr/sensor_System/install/sensor_fusion_system/share/ament_index/resource_index/packages
[0.973s] copying package.xml -> /home/mtahr/sensor_System/install/sensor_fusion_system/share/sensor_fusion_system
[0.973s] creating /home/mtahr/sensor_System/install/sensor_fusion_system/share/sensor_fusion_system/launch
[0.973s] copying launch/sensor_fusion.launch.py -> /home/mtahr/sensor_System/install/sensor_fusion_system/share/sensor_fusion_system/launch
[0.973s] creating /home/mtahr/sensor_System/install/sensor_fusion_system/share/sensor_fusion_system/config
[0.973s] copying config/sensor_params.yaml -> /home/mtahr/sensor_System/install/sensor_fusion_system/share/sensor_fusion_system/config
[0.974s] running install_egg_info
[0.984s] Copying ../../build/sensor_fusion_system/sensor_fusion_system.egg-info to /home/mtahr/sensor_System/install/sensor_fusion_system/lib/python3.12/site-packages/sensor_fusion_system-0.1.0-py3.12.egg-info
[0.985s] running install_scripts
[1.057s] Installing alert_system script to /home/mtahr/sensor_System/install/sensor_fusion_system/lib/sensor_fusion_system
[1.057s] Installing data_logger script to /home/mtahr/sensor_System/install/sensor_fusion_system/lib/sensor_fusion_system
[1.057s] Installing sensor_fusion script to /home/mtahr/sensor_System/install/sensor_fusion_system/lib/sensor_fusion_system
[1.057s] Installing sensor_publisher script to /home/mtahr/sensor_System/install/sensor_fusion_system/lib/sensor_fusion_system
[1.057s] Installing visualizer script to /home/mtahr/sensor_System/install/sensor_fusion_system/lib/sensor_fusion_system
[1.057s] writing list of installed files to '/home/mtahr/sensor_System/build/sensor_fusion_system/install.log'
[1.075s] Invoked command in '/home/mtahr/sensor_System/src/sensor_fusion_system' returned '0': PYTHONPATH=/home/mtahr/sensor_System/build/sensor_fusion_system/prefix_override:/usr/lib/python3/dist-packages/colcon_core/task/python/colcon_distutils_commands:/home/mtahr/sensor_System/install/sensor_fusion_system/lib/python3.12/site-packages:${PYTHONPATH} /usr/bin/python3 -W ignore:setup.py install is deprecated -W ignore:easy_install command is deprecated setup.py egg_info --egg-base ../../build/sensor_fusion_system build --build-base /home/mtahr/sensor_System/build/sensor_fusion_system/build install --record /home/mtahr/sensor_System/build/sensor_fusion_system/install.log --single-version-externally-managed install_data
