/home/mtahr/sensor_System/install/sensor_fusion_system/lib/python3.12/site-packages/sensor_fusion_system/__init__.py
/home/mtahr/sensor_System/install/sensor_fusion_system/lib/python3.12/site-packages/sensor_fusion_system/visualization.py
/home/mtahr/sensor_System/install/sensor_fusion_system/lib/python3.12/site-packages/sensor_fusion_system/sensor_fusion.py
/home/mtahr/sensor_System/install/sensor_fusion_system/lib/python3.12/site-packages/sensor_fusion_system/alert_system.py
/home/mtahr/sensor_System/install/sensor_fusion_system/lib/python3.12/site-packages/sensor_fusion_system/data_logger.py
/home/mtahr/sensor_System/install/sensor_fusion_system/lib/python3.12/site-packages/sensor_fusion_system/sensor_publisher.py
/home/mtahr/sensor_System/install/sensor_fusion_system/lib/python3.12/site-packages/sensor_fusion_system/__pycache__/__init__.cpython-312.pyc
/home/mtahr/sensor_System/install/sensor_fusion_system/lib/python3.12/site-packages/sensor_fusion_system/__pycache__/visualization.cpython-312.pyc
/home/mtahr/sensor_System/install/sensor_fusion_system/lib/python3.12/site-packages/sensor_fusion_system/__pycache__/sensor_fusion.cpython-312.pyc
/home/mtahr/sensor_System/install/sensor_fusion_system/lib/python3.12/site-packages/sensor_fusion_system/__pycache__/alert_system.cpython-312.pyc
/home/mtahr/sensor_System/install/sensor_fusion_system/lib/python3.12/site-packages/sensor_fusion_system/__pycache__/data_logger.cpython-312.pyc
/home/mtahr/sensor_System/install/sensor_fusion_system/lib/python3.12/site-packages/sensor_fusion_system/__pycache__/sensor_publisher.cpython-312.pyc
/home/mtahr/sensor_System/install/sensor_fusion_system/share/ament_index/resource_index/packages/sensor_fusion_system
/home/mtahr/sensor_System/install/sensor_fusion_system/share/sensor_fusion_system/package.xml
/home/mtahr/sensor_System/install/sensor_fusion_system/share/sensor_fusion_system/launch/sensor_fusion.launch.py
/home/mtahr/sensor_System/install/sensor_fusion_system/share/sensor_fusion_system/config/sensor_params.yaml
/home/mtahr/sensor_System/install/sensor_fusion_system/lib/python3.12/site-packages/sensor_fusion_system-0.1.0-py3.12.egg-info/top_level.txt
/home/mtahr/sensor_System/install/sensor_fusion_system/lib/python3.12/site-packages/sensor_fusion_system-0.1.0-py3.12.egg-info/PKG-INFO
/home/mtahr/sensor_System/install/sensor_fusion_system/lib/python3.12/site-packages/sensor_fusion_system-0.1.0-py3.12.egg-info/entry_points.txt
/home/mtahr/sensor_System/install/sensor_fusion_system/lib/python3.12/site-packages/sensor_fusion_system-0.1.0-py3.12.egg-info/zip-safe
/home/mtahr/sensor_System/install/sensor_fusion_system/lib/python3.12/site-packages/sensor_fusion_system-0.1.0-py3.12.egg-info/SOURCES.txt
/home/mtahr/sensor_System/install/sensor_fusion_system/lib/python3.12/site-packages/sensor_fusion_system-0.1.0-py3.12.egg-info/requires.txt
/home/mtahr/sensor_System/install/sensor_fusion_system/lib/python3.12/site-packages/sensor_fusion_system-0.1.0-py3.12.egg-info/dependency_links.txt
/home/mtahr/sensor_System/install/sensor_fusion_system/lib/sensor_fusion_system/alert_system
/home/mtahr/sensor_System/install/sensor_fusion_system/lib/sensor_fusion_system/data_logger
/home/mtahr/sensor_System/install/sensor_fusion_system/lib/sensor_fusion_system/sensor_fusion
/home/mtahr/sensor_System/install/sensor_fusion_system/lib/sensor_fusion_system/sensor_publisher
/home/mtahr/sensor_System/install/sensor_fusion_system/lib/sensor_fusion_system/visualizer
